<?xml version="1.0" encoding="UTF-8"?>
<!-- Generated by org.testng.reporters.JUnitReportReporter -->
<testsuite hostname="SUBINs-MacBook-Air.local" failures="0" tests="1" name="com.qa.rcb.Test" time="0.016" errors="0" timestamp="2023-02-06T18:39:40 IST" skipped="0">
  <testcase classname="com.qa.rcb.Test" name="rcbTest" time="0.016"/>
  <system-out/>
</testsuite> <!-- com.qa.rcb.Test -->
